#! /c/Source/iverilog-install/bin/vvp
:ivl_version "12.0 (devel)" "(s20150603-1110-g18392a46)";
:ivl_delay_selection "TYPICAL";
:vpi_time_precision - 12;
:vpi_module "C:\iverilog\lib\ivl\system.vpi";
:vpi_module "C:\iverilog\lib\ivl\vhdl_sys.vpi";
:vpi_module "C:\iverilog\lib\ivl\vhdl_textio.vpi";
:vpi_module "C:\iverilog\lib\ivl\v2005_math.vpi";
:vpi_module "C:\iverilog\lib\ivl\va_math.vpi";
S_000002abc0c76fe0 .scope module, "uart_top_tb" "uart_top_tb" 2 3;
 .timescale -9 -12;
L_000002abc0c43540 .functor BUFZ 1, v000002abc0ccb100_0, C4<0>, C4<0>, C4<0>;
v000002abc0cce980_0 .var "clk", 0 0;
v000002abc0ccd080_0 .net "full", 0 0, L_000002abc0c43700;  1 drivers
v000002abc0cceac0_0 .var "rst", 0 0;
v000002abc0ccd8a0_0 .net "rx_data", 7 0, v000002abc0ccb380_0;  1 drivers
v000002abc0ccd120_0 .net "rx_done", 0 0, v000002abc0ccb2e0_0;  1 drivers
v000002abc0cce3e0_0 .net "rx_in", 0 0, L_000002abc0c43540;  1 drivers
v000002abc0ccd300_0 .net "tx", 0 0, v000002abc0ccb100_0;  1 drivers
v000002abc0ccd1c0_0 .var "wr_data", 7 0;
v000002abc0ccd440_0 .var "wr_en", 0 0;
S_000002abc0c50c80 .scope module, "dut" "uart_top" 2 14, 3 1 0, S_000002abc0c76fe0;
 .timescale -9 -12;
    .port_info 0 /INPUT 1 "clk";
    .port_info 1 /INPUT 1 "rst";
    .port_info 2 /INPUT 8 "wr_data";
    .port_info 3 /INPUT 1 "wr_en";
    .port_info 4 /OUTPUT 1 "full";
    .port_info 5 /OUTPUT 1 "tx";
    .port_info 6 /INPUT 1 "rx_in";
    .port_info 7 /OUTPUT 8 "rx_data";
    .port_info 8 /OUTPUT 1 "rx_done";
P_000002abc0c74a90 .param/l "CLKS_PER_BAUD" 0 3 2, +C4<00000000000000000000000000001010>;
v000002abc0ccb240_0 .net "baud_tick", 0 0, v000002abc0c70930_0;  1 drivers
v000002abc0ccea20_0 .net "clk", 0 0, v000002abc0cce980_0;  1 drivers
v000002abc0ccdf80_0 .net "fifo_data", 7 0, L_000002abc0c42eb0;  1 drivers
v000002abc0cceca0_0 .net "fifo_empty", 0 0, L_000002abc0cceb60;  1 drivers
v000002abc0ccd620_0 .net "fifo_rd_en", 0 0, v000002abc0ccbba0_0;  1 drivers
v000002abc0ccef20_0 .net "full", 0 0, L_000002abc0c43700;  alias, 1 drivers
v000002abc0cce2a0_0 .net "rst", 0 0, v000002abc0cceac0_0;  1 drivers
v000002abc0ccd760_0 .net "rx_data", 7 0, v000002abc0ccb380_0;  alias, 1 drivers
v000002abc0cce0c0_0 .net "rx_done", 0 0, v000002abc0ccb2e0_0;  alias, 1 drivers
v000002abc0ccd6c0_0 .net "rx_in", 0 0, L_000002abc0c43540;  alias, 1 drivers
v000002abc0cce200_0 .net "tx", 0 0, v000002abc0ccb100_0;  alias, 1 drivers
v000002abc0cce8e0_0 .net "wr_data", 7 0, v000002abc0ccd1c0_0;  1 drivers
v000002abc0ccec00_0 .net "wr_en", 0 0, v000002abc0ccd440_0;  1 drivers
S_000002abc0c50e10 .scope module, "baud_inst" "baud_timer" 3 28, 4 1 0, S_000002abc0c50c80;
 .timescale -9 -12;
    .port_info 0 /INPUT 1 "clk";
    .port_info 1 /INPUT 1 "rst";
    .port_info 2 /OUTPUT 1 "baud_tick";
P_000002abc0c74d50 .param/l "CLKS_PER_BAUD" 0 4 2, +C4<00000000000000000000000000001010>;
v000002abc0c70930_0 .var "baud_tick", 0 0;
v000002abc0c70750_0 .net "clk", 0 0, v000002abc0cce980_0;  alias, 1 drivers
v000002abc0c70ed0_0 .var "counter", 12 0;
v000002abc0c70890_0 .net "rst", 0 0, v000002abc0cceac0_0;  alias, 1 drivers
E_000002abc0c740d0 .event posedge, v000002abc0c70750_0;
S_000002abc0c50fa0 .scope module, "fifo_inst" "fifo" 3 35, 5 1 0, S_000002abc0c50c80;
 .timescale -9 -12;
    .port_info 0 /INPUT 1 "clk";
    .port_info 1 /INPUT 1 "rst";
    .port_info 2 /INPUT 1 "wr_en";
    .port_info 3 /INPUT 1 "rd_en";
    .port_info 4 /INPUT 8 "wr_data";
    .port_info 5 /OUTPUT 8 "rd_data";
    .port_info 6 /OUTPUT 1 "full";
    .port_info 7 /OUTPUT 1 "empty";
P_000002abc0bf8950 .param/l "DEPTH" 0 5 2, +C4<00000000000000000000000000001000>;
P_000002abc0bf8988 .param/l "WIDTH" 0 5 3, +C4<00000000000000000000000000001000>;
L_000002abc0c43230 .functor XOR 1, L_000002abc0ccede0, L_000002abc0cce480, C4<0>, C4<0>;
L_000002abc0c43700 .functor AND 1, L_000002abc0ccd260, L_000002abc0c43230, C4<1>, C4<1>;
L_000002abc0c42eb0 .functor BUFZ 8, L_000002abc0cce520, C4<00000000>, C4<00000000>, C4<00000000>;
v000002abc0c709d0_0 .net *"_ivl_11", 0 0, L_000002abc0cce480;  1 drivers
v000002abc0c70430_0 .net *"_ivl_12", 0 0, L_000002abc0c43230;  1 drivers
v000002abc0c704d0_0 .net *"_ivl_16", 7 0, L_000002abc0cce520;  1 drivers
v000002abc0c70610_0 .net *"_ivl_19", 2 0, L_000002abc0ccd9e0;  1 drivers
v000002abc0c70a70_0 .net *"_ivl_20", 4 0, L_000002abc0ccd580;  1 drivers
L_000002abc0d00088 .functor BUFT 1, C4<00>, C4<0>, C4<0>, C4<0>;
v000002abc0c70b10_0 .net *"_ivl_23", 1 0, L_000002abc0d00088;  1 drivers
v000002abc0c70bb0_0 .net *"_ivl_3", 2 0, L_000002abc0cced40;  1 drivers
v000002abc0c70c50_0 .net *"_ivl_5", 2 0, L_000002abc0cce020;  1 drivers
v000002abc0c701b0_0 .net *"_ivl_6", 0 0, L_000002abc0ccd260;  1 drivers
v000002abc0c706b0_0 .net *"_ivl_9", 0 0, L_000002abc0ccede0;  1 drivers
v000002abc0c70cf0_0 .net "clk", 0 0, v000002abc0cce980_0;  alias, 1 drivers
v000002abc0c70d90_0 .net "empty", 0 0, L_000002abc0cceb60;  alias, 1 drivers
v000002abc0c70e30_0 .net "full", 0 0, L_000002abc0c43700;  alias, 1 drivers
v000002abc0c70070 .array "mem", 7 0, 7 0;
v000002abc0c70110_0 .net "rd_data", 7 0, L_000002abc0c42eb0;  alias, 1 drivers
v000002abc0c70570_0 .net "rd_en", 0 0, v000002abc0ccbba0_0;  alias, 1 drivers
v000002abc0c70250_0 .var "rd_ptr", 3 0;
v000002abc0c702f0_0 .net "rst", 0 0, v000002abc0cceac0_0;  alias, 1 drivers
v000002abc0ccb880_0 .net "wr_data", 7 0, v000002abc0ccd1c0_0;  alias, 1 drivers
v000002abc0ccb060_0 .net "wr_en", 0 0, v000002abc0ccd440_0;  alias, 1 drivers
v000002abc0ccb920_0 .var "wr_ptr", 3 0;
L_000002abc0cceb60 .cmp/eq 4, v000002abc0ccb920_0, v000002abc0c70250_0;
L_000002abc0cced40 .part v000002abc0ccb920_0, 0, 3;
L_000002abc0cce020 .part v000002abc0c70250_0, 0, 3;
L_000002abc0ccd260 .cmp/eq 3, L_000002abc0cced40, L_000002abc0cce020;
L_000002abc0ccede0 .part v000002abc0ccb920_0, 3, 1;
L_000002abc0cce480 .part v000002abc0c70250_0, 3, 1;
L_000002abc0cce520 .array/port v000002abc0c70070, L_000002abc0ccd580;
L_000002abc0ccd9e0 .part v000002abc0c70250_0, 0, 3;
L_000002abc0ccd580 .concat [ 3 2 0 0], L_000002abc0ccd9e0, L_000002abc0d00088;
S_000002abc0c59da0 .scope module, "rx_inst" "uart_rx" 3 58, 6 1 0, S_000002abc0c50c80;
 .timescale -9 -12;
    .port_info 0 /INPUT 1 "clk";
    .port_info 1 /INPUT 1 "rst";
    .port_info 2 /INPUT 1 "rx";
    .port_info 3 /OUTPUT 8 "rx_data";
    .port_info 4 /OUTPUT 1 "rx_done";
P_000002abc0c59f30 .param/l "CLKS_PER_BAUD" 0 6 2, +C4<00000000000000000000000000001010>;
P_000002abc0c59f68 .param/l "DATA" 1 6 13, C4<10>;
P_000002abc0c59fa0 .param/l "HALF" 1 6 16, +C4<00000000000000000000000000000101>;
P_000002abc0c59fd8 .param/l "IDLE" 1 6 11, C4<00>;
P_000002abc0c5a010 .param/l "START" 1 6 12, C4<01>;
P_000002abc0c5a048 .param/l "STOP" 1 6 14, C4<11>;
v000002abc0ccb420_0 .var "bit_count", 2 0;
v000002abc0ccb9c0_0 .net "clk", 0 0, v000002abc0cce980_0;  alias, 1 drivers
v000002abc0ccbe20_0 .var "cnt", 12 0;
v000002abc0ccbb00_0 .net "rst", 0 0, v000002abc0cceac0_0;  alias, 1 drivers
v000002abc0ccbd80_0 .net "rx", 0 0, L_000002abc0c43540;  alias, 1 drivers
v000002abc0ccb4c0_0 .var "rx_d1", 0 0;
v000002abc0ccb380_0 .var "rx_data", 7 0;
v000002abc0ccb2e0_0 .var "rx_done", 0 0;
v000002abc0ccb560_0 .var "rx_sync", 0 0;
v000002abc0ccbec0_0 .var "shift_reg", 7 0;
v000002abc0ccb600_0 .var "state", 1 0;
S_000002abc0c68140 .scope module, "tx_inst" "uart_tx" 3 47, 7 1 0, S_000002abc0c50c80;
 .timescale -9 -12;
    .port_info 0 /INPUT 1 "clk";
    .port_info 1 /INPUT 1 "rst";
    .port_info 2 /INPUT 1 "baud_tick";
    .port_info 3 /INPUT 8 "fifo_data";
    .port_info 4 /INPUT 1 "fifo_empty";
    .port_info 5 /OUTPUT 1 "fifo_rd_en";
    .port_info 6 /OUTPUT 1 "tx";
P_000002abc0c682d0 .param/l "DATA" 1 7 13, C4<10>;
P_000002abc0c68308 .param/l "IDLE" 1 7 11, C4<00>;
P_000002abc0c68340 .param/l "START" 1 7 12, C4<01>;
P_000002abc0c68378 .param/l "STOP" 1 7 14, C4<11>;
v000002abc0ccb6a0_0 .net "baud_tick", 0 0, v000002abc0c70930_0;  alias, 1 drivers
v000002abc0ccb740_0 .var "bit_count", 2 0;
v000002abc0ccb1a0_0 .net "clk", 0 0, v000002abc0cce980_0;  alias, 1 drivers
v000002abc0ccbf60_0 .net "fifo_data", 7 0, L_000002abc0c42eb0;  alias, 1 drivers
v000002abc0ccb7e0_0 .net "fifo_empty", 0 0, L_000002abc0cceb60;  alias, 1 drivers
v000002abc0ccbba0_0 .var "fifo_rd_en", 0 0;
v000002abc0ccba60_0 .net "rst", 0 0, v000002abc0cceac0_0;  alias, 1 drivers
v000002abc0ccbc40_0 .var "shift_reg", 7 0;
v000002abc0ccbce0_0 .var "state", 1 0;
v000002abc0ccb100_0 .var "tx", 0 0;
S_000002abc0c683c0 .scope task, "send_and_check" "send_and_check" 2 23, 2 23 0, S_000002abc0c76fe0;
 .timescale -9 -12;
v000002abc0cce340_0 .var "byte_to_send", 7 0;
v000002abc0ccd4e0_0 .var/i "timeout", 31 0;
TD_uart_top_tb.send_and_check ;
    %wait E_000002abc0c740d0;
    %delay 1000, 0;
    %load/vec4 v000002abc0cce340_0;
    %store/vec4 v000002abc0ccd1c0_0, 0, 8;
    %pushi/vec4 1, 0, 1;
    %store/vec4 v000002abc0ccd440_0, 0, 1;
    %wait E_000002abc0c740d0;
    %delay 1000, 0;
    %pushi/vec4 0, 0, 1;
    %store/vec4 v000002abc0ccd440_0, 0, 1;
    %pushi/vec4 0, 0, 32;
    %store/vec4 v000002abc0ccd4e0_0, 0, 32;
T_0.0 ;
    %load/vec4 v000002abc0ccd120_0;
    %nor/r;
    %load/vec4 v000002abc0ccd4e0_0;
    %cmpi/s 50000, 0, 32;
    %flag_get/vec4 5;
    %and;
    %flag_set/vec4 8;
    %jmp/0xz T_0.1, 8;
    %wait E_000002abc0c740d0;
    %load/vec4 v000002abc0ccd4e0_0;
    %addi 1, 0, 32;
    %store/vec4 v000002abc0ccd4e0_0, 0, 32;
    %jmp T_0.0;
T_0.1 ;
    %load/vec4 v000002abc0ccd4e0_0;
    %cmpi/s 50000, 0, 32;
    %flag_inv 5; GE is !LT
    %jmp/0xz  T_0.2, 5;
    %vpi_call 2 40 "$error", "TIMEOUT -- rx_done never fired for 0x%h", v000002abc0cce340_0 {0 0 0};
    %jmp T_0.3;
T_0.2 ;
    %load/vec4 v000002abc0ccd8a0_0;
    %load/vec4 v000002abc0cce340_0;
    %cmp/e;
    %jmp/0xz  T_0.4, 4;
    %vpi_call 2 42 "$display", "PASS -- sent 0x%h got 0x%h", v000002abc0cce340_0, v000002abc0ccd8a0_0 {0 0 0};
    %jmp T_0.5;
T_0.4 ;
    %vpi_call 2 44 "$error", "FAIL -- sent 0x%h got 0x%h", v000002abc0cce340_0, v000002abc0ccd8a0_0 {0 0 0};
T_0.5 ;
T_0.3 ;
    %end;
    .scope S_000002abc0c50e10;
T_1 ;
    %wait E_000002abc0c740d0;
    %load/vec4 v000002abc0c70890_0;
    %flag_set/vec4 8;
    %jmp/0xz  T_1.0, 8;
    %pushi/vec4 0, 0, 13;
    %assign/vec4 v000002abc0c70ed0_0, 0;
    %pushi/vec4 0, 0, 1;
    %assign/vec4 v000002abc0c70930_0, 0;
    %jmp T_1.1;
T_1.0 ;
    %load/vec4 v000002abc0c70ed0_0;
    %pad/u 32;
    %cmpi/e 9, 0, 32;
    %jmp/0xz  T_1.2, 4;
    %pushi/vec4 0, 0, 13;
    %assign/vec4 v000002abc0c70ed0_0, 0;
    %pushi/vec4 1, 0, 1;
    %assign/vec4 v000002abc0c70930_0, 0;
    %jmp T_1.3;
T_1.2 ;
    %load/vec4 v000002abc0c70ed0_0;
    %addi 1, 0, 13;
    %assign/vec4 v000002abc0c70ed0_0, 0;
    %pushi/vec4 0, 0, 1;
    %assign/vec4 v000002abc0c70930_0, 0;
T_1.3 ;
T_1.1 ;
    %jmp T_1;
    .thread T_1;
    .scope S_000002abc0c50fa0;
T_2 ;
    %wait E_000002abc0c740d0;
    %load/vec4 v000002abc0c702f0_0;
    %flag_set/vec4 8;
    %jmp/0xz  T_2.0, 8;
    %pushi/vec4 0, 0, 4;
    %assign/vec4 v000002abc0ccb920_0, 0;
    %jmp T_2.1;
T_2.0 ;
    %load/vec4 v000002abc0ccb060_0;
    %load/vec4 v000002abc0c70e30_0;
    %nor/r;
    %and;
    %flag_set/vec4 8;
    %jmp/0xz  T_2.2, 8;
    %load/vec4 v000002abc0ccb880_0;
    %load/vec4 v000002abc0ccb920_0;
    %parti/s 3, 0, 2;
    %pad/u 5;
    %ix/vec4 3;
    %ix/load 4, 0, 0; Constant delay
    %assign/vec4/a/d v000002abc0c70070, 0, 4;
    %load/vec4 v000002abc0ccb920_0;
    %addi 1, 0, 4;
    %assign/vec4 v000002abc0ccb920_0, 0;
T_2.2 ;
T_2.1 ;
    %jmp T_2;
    .thread T_2;
    .scope S_000002abc0c50fa0;
T_3 ;
    %wait E_000002abc0c740d0;
    %load/vec4 v000002abc0c702f0_0;
    %flag_set/vec4 8;
    %jmp/0xz  T_3.0, 8;
    %pushi/vec4 0, 0, 4;
    %assign/vec4 v000002abc0c70250_0, 0;
    %jmp T_3.1;
T_3.0 ;
    %load/vec4 v000002abc0c70570_0;
    %load/vec4 v000002abc0c70d90_0;
    %nor/r;
    %and;
    %flag_set/vec4 8;
    %jmp/0xz  T_3.2, 8;
    %load/vec4 v000002abc0c70250_0;
    %addi 1, 0, 4;
    %assign/vec4 v000002abc0c70250_0, 0;
T_3.2 ;
T_3.1 ;
    %jmp T_3;
    .thread T_3;
    .scope S_000002abc0c68140;
T_4 ;
    %wait E_000002abc0c740d0;
    %load/vec4 v000002abc0ccba60_0;
    %flag_set/vec4 8;
    %jmp/0xz  T_4.0, 8;
    %pushi/vec4 0, 0, 2;
    %assign/vec4 v000002abc0ccbce0_0, 0;
    %pushi/vec4 1, 0, 1;
    %assign/vec4 v000002abc0ccb100_0, 0;
    %pushi/vec4 0, 0, 1;
    %assign/vec4 v000002abc0ccbba0_0, 0;
    %pushi/vec4 0, 0, 3;
    %assign/vec4 v000002abc0ccb740_0, 0;
    %pushi/vec4 0, 0, 8;
    %assign/vec4 v000002abc0ccbc40_0, 0;
    %jmp T_4.1;
T_4.0 ;
    %pushi/vec4 0, 0, 1;
    %assign/vec4 v000002abc0ccbba0_0, 0;
    %load/vec4 v000002abc0ccbce0_0;
    %dup/vec4;
    %pushi/vec4 0, 0, 2;
    %cmp/u;
    %jmp/1 T_4.2, 6;
    %dup/vec4;
    %pushi/vec4 1, 0, 2;
    %cmp/u;
    %jmp/1 T_4.3, 6;
    %dup/vec4;
    %pushi/vec4 2, 0, 2;
    %cmp/u;
    %jmp/1 T_4.4, 6;
    %dup/vec4;
    %pushi/vec4 3, 0, 2;
    %cmp/u;
    %jmp/1 T_4.5, 6;
    %jmp T_4.6;
T_4.2 ;
    %pushi/vec4 1, 0, 1;
    %assign/vec4 v000002abc0ccb100_0, 0;
    %load/vec4 v000002abc0ccb7e0_0;
    %nor/r;
    %flag_set/vec4 8;
    %jmp/0xz  T_4.7, 8;
    %load/vec4 v000002abc0ccbf60_0;
    %assign/vec4 v000002abc0ccbc40_0, 0;
    %pushi/vec4 1, 0, 1;
    %assign/vec4 v000002abc0ccbba0_0, 0;
    %pushi/vec4 1, 0, 2;
    %assign/vec4 v000002abc0ccbce0_0, 0;
T_4.7 ;
    %jmp T_4.6;
T_4.3 ;
    %load/vec4 v000002abc0ccb6a0_0;
    %flag_set/vec4 8;
    %jmp/0xz  T_4.9, 8;
    %pushi/vec4 0, 0, 1;
    %assign/vec4 v000002abc0ccb100_0, 0;
    %pushi/vec4 0, 0, 3;
    %assign/vec4 v000002abc0ccb740_0, 0;
    %pushi/vec4 2, 0, 2;
    %assign/vec4 v000002abc0ccbce0_0, 0;
T_4.9 ;
    %jmp T_4.6;
T_4.4 ;
    %load/vec4 v000002abc0ccb6a0_0;
    %flag_set/vec4 8;
    %jmp/0xz  T_4.11, 8;
    %load/vec4 v000002abc0ccbc40_0;
    %parti/s 1, 0, 2;
    %assign/vec4 v000002abc0ccb100_0, 0;
    %load/vec4 v000002abc0ccbc40_0;
    %ix/load 4, 1, 0;
    %flag_set/imm 4, 0;
    %shiftr 4;
    %assign/vec4 v000002abc0ccbc40_0, 0;
    %load/vec4 v000002abc0ccb740_0;
    %pad/u 32;
    %cmpi/e 7, 0, 32;
    %jmp/0xz  T_4.13, 4;
    %pushi/vec4 3, 0, 2;
    %assign/vec4 v000002abc0ccbce0_0, 0;
    %jmp T_4.14;
T_4.13 ;
    %load/vec4 v000002abc0ccb740_0;
    %addi 1, 0, 3;
    %assign/vec4 v000002abc0ccb740_0, 0;
T_4.14 ;
T_4.11 ;
    %jmp T_4.6;
T_4.5 ;
    %load/vec4 v000002abc0ccb6a0_0;
    %flag_set/vec4 8;
    %jmp/0xz  T_4.15, 8;
    %pushi/vec4 1, 0, 1;
    %assign/vec4 v000002abc0ccb100_0, 0;
    %pushi/vec4 0, 0, 2;
    %assign/vec4 v000002abc0ccbce0_0, 0;
T_4.15 ;
    %jmp T_4.6;
T_4.6 ;
    %pop/vec4 1;
T_4.1 ;
    %jmp T_4;
    .thread T_4;
    .scope S_000002abc0c59da0;
T_5 ;
    %wait E_000002abc0c740d0;
    %load/vec4 v000002abc0ccbd80_0;
    %assign/vec4 v000002abc0ccb4c0_0, 0;
    %load/vec4 v000002abc0ccb4c0_0;
    %assign/vec4 v000002abc0ccb560_0, 0;
    %jmp T_5;
    .thread T_5;
    .scope S_000002abc0c59da0;
T_6 ;
    %wait E_000002abc0c740d0;
    %load/vec4 v000002abc0ccbb00_0;
    %flag_set/vec4 8;
    %jmp/0xz  T_6.0, 8;
    %pushi/vec4 0, 0, 2;
    %assign/vec4 v000002abc0ccb600_0, 0;
    %pushi/vec4 0, 0, 8;
    %assign/vec4 v000002abc0ccb380_0, 0;
    %pushi/vec4 0, 0, 1;
    %assign/vec4 v000002abc0ccb2e0_0, 0;
    %pushi/vec4 0, 0, 3;
    %assign/vec4 v000002abc0ccb420_0, 0;
    %pushi/vec4 0, 0, 8;
    %assign/vec4 v000002abc0ccbec0_0, 0;
    %pushi/vec4 0, 0, 13;
    %assign/vec4 v000002abc0ccbe20_0, 0;
    %jmp T_6.1;
T_6.0 ;
    %pushi/vec4 0, 0, 1;
    %assign/vec4 v000002abc0ccb2e0_0, 0;
    %load/vec4 v000002abc0ccbe20_0;
    %addi 1, 0, 13;
    %assign/vec4 v000002abc0ccbe20_0, 0;
    %load/vec4 v000002abc0ccb600_0;
    %dup/vec4;
    %pushi/vec4 0, 0, 2;
    %cmp/u;
    %jmp/1 T_6.2, 6;
    %dup/vec4;
    %pushi/vec4 1, 0, 2;
    %cmp/u;
    %jmp/1 T_6.3, 6;
    %dup/vec4;
    %pushi/vec4 2, 0, 2;
    %cmp/u;
    %jmp/1 T_6.4, 6;
    %dup/vec4;
    %pushi/vec4 3, 0, 2;
    %cmp/u;
    %jmp/1 T_6.5, 6;
    %jmp T_6.6;
T_6.2 ;
    %pushi/vec4 0, 0, 13;
    %assign/vec4 v000002abc0ccbe20_0, 0;
    %load/vec4 v000002abc0ccb560_0;
    %nor/r;
    %flag_set/vec4 8;
    %jmp/0xz  T_6.7, 8;
    %pushi/vec4 1, 0, 2;
    %assign/vec4 v000002abc0ccb600_0, 0;
T_6.7 ;
    %jmp T_6.6;
T_6.3 ;
    %load/vec4 v000002abc0ccbe20_0;
    %pad/u 32;
    %cmpi/e 4, 0, 32;
    %jmp/0xz  T_6.9, 4;
    %pushi/vec4 0, 0, 13;
    %assign/vec4 v000002abc0ccbe20_0, 0;
    %load/vec4 v000002abc0ccb560_0;
    %nor/r;
    %flag_set/vec4 8;
    %jmp/0xz  T_6.11, 8;
    %pushi/vec4 0, 0, 3;
    %assign/vec4 v000002abc0ccb420_0, 0;
    %pushi/vec4 2, 0, 2;
    %assign/vec4 v000002abc0ccb600_0, 0;
    %jmp T_6.12;
T_6.11 ;
    %pushi/vec4 0, 0, 2;
    %assign/vec4 v000002abc0ccb600_0, 0;
T_6.12 ;
T_6.9 ;
    %jmp T_6.6;
T_6.4 ;
    %load/vec4 v000002abc0ccbe20_0;
    %pad/u 32;
    %cmpi/e 9, 0, 32;
    %jmp/0xz  T_6.13, 4;
    %pushi/vec4 0, 0, 13;
    %assign/vec4 v000002abc0ccbe20_0, 0;
    %load/vec4 v000002abc0ccb560_0;
    %load/vec4 v000002abc0ccbec0_0;
    %parti/s 7, 1, 2;
    %concat/vec4; draw_concat_vec4
    %assign/vec4 v000002abc0ccbec0_0, 0;
    %load/vec4 v000002abc0ccb420_0;
    %pad/u 32;
    %cmpi/e 7, 0, 32;
    %jmp/0xz  T_6.15, 4;
    %pushi/vec4 3, 0, 2;
    %assign/vec4 v000002abc0ccb600_0, 0;
    %jmp T_6.16;
T_6.15 ;
    %load/vec4 v000002abc0ccb420_0;
    %addi 1, 0, 3;
    %assign/vec4 v000002abc0ccb420_0, 0;
T_6.16 ;
T_6.13 ;
    %jmp T_6.6;
T_6.5 ;
    %load/vec4 v000002abc0ccbe20_0;
    %pad/u 32;
    %cmpi/e 9, 0, 32;
    %jmp/0xz  T_6.17, 4;
    %pushi/vec4 0, 0, 13;
    %assign/vec4 v000002abc0ccbe20_0, 0;
    %pushi/vec4 0, 0, 2;
    %assign/vec4 v000002abc0ccb600_0, 0;
    %load/vec4 v000002abc0ccb560_0;
    %flag_set/vec4 8;
    %jmp/0xz  T_6.19, 8;
    %load/vec4 v000002abc0ccbec0_0;
    %assign/vec4 v000002abc0ccb380_0, 0;
    %pushi/vec4 1, 0, 1;
    %assign/vec4 v000002abc0ccb2e0_0, 0;
T_6.19 ;
T_6.17 ;
    %jmp T_6.6;
T_6.6 ;
    %pop/vec4 1;
T_6.1 ;
    %jmp T_6;
    .thread T_6;
    .scope S_000002abc0c76fe0;
T_7 ;
    %delay 10000, 0;
    %load/vec4 v000002abc0cce980_0;
    %inv;
    %store/vec4 v000002abc0cce980_0, 0, 1;
    %jmp T_7;
    .thread T_7;
    .scope S_000002abc0c76fe0;
T_8 ;
    %vpi_call 2 49 "$dumpfile", "uart_top.vcd" {0 0 0};
    %vpi_call 2 50 "$dumpvars", 32'sb00000000000000000000000000000000, S_000002abc0c76fe0 {0 0 0};
    %pushi/vec4 0, 0, 1;
    %store/vec4 v000002abc0cce980_0, 0, 1;
    %pushi/vec4 1, 0, 1;
    %store/vec4 v000002abc0cceac0_0, 0, 1;
    %pushi/vec4 0, 0, 1;
    %store/vec4 v000002abc0ccd440_0, 0, 1;
    %pushi/vec4 0, 0, 8;
    %store/vec4 v000002abc0ccd1c0_0, 0, 8;
    %pushi/vec4 5, 0, 32;
T_8.0 %dup/vec4;
    %pushi/vec4 0, 0, 32;
    %cmp/s;
    %jmp/1xz T_8.1, 5;
    %jmp/1 T_8.1, 4;
    %pushi/vec4 1, 0, 32;
    %sub;
    %wait E_000002abc0c740d0;
    %jmp T_8.0;
T_8.1 ;
    %pop/vec4 1;
    %pushi/vec4 0, 0, 1;
    %store/vec4 v000002abc0cceac0_0, 0, 1;
    %pushi/vec4 5, 0, 32;
T_8.2 %dup/vec4;
    %pushi/vec4 0, 0, 32;
    %cmp/s;
    %jmp/1xz T_8.3, 5;
    %jmp/1 T_8.3, 4;
    %pushi/vec4 1, 0, 32;
    %sub;
    %wait E_000002abc0c740d0;
    %jmp T_8.2;
T_8.3 ;
    %pop/vec4 1;
    %pushi/vec4 85, 0, 8;
    %store/vec4 v000002abc0cce340_0, 0, 8;
    %fork TD_uart_top_tb.send_and_check, S_000002abc0c683c0;
    %join;
    %pushi/vec4 72, 0, 8;
    %store/vec4 v000002abc0cce340_0, 0, 8;
    %fork TD_uart_top_tb.send_and_check, S_000002abc0c683c0;
    %join;
    %pushi/vec4 73, 0, 8;
    %store/vec4 v000002abc0cce340_0, 0, 8;
    %fork TD_uart_top_tb.send_and_check, S_000002abc0c683c0;
    %join;
    %pushi/vec4 33, 0, 8;
    %store/vec4 v000002abc0cce340_0, 0, 8;
    %fork TD_uart_top_tb.send_and_check, S_000002abc0c683c0;
    %join;
    %pushi/vec4 255, 0, 8;
    %store/vec4 v000002abc0cce340_0, 0, 8;
    %fork TD_uart_top_tb.send_and_check, S_000002abc0c683c0;
    %join;
    %pushi/vec4 0, 0, 8;
    %store/vec4 v000002abc0cce340_0, 0, 8;
    %fork TD_uart_top_tb.send_and_check, S_000002abc0c683c0;
    %join;
    %vpi_call 2 63 "$display", "back to back..." {0 0 0};
    %pushi/vec4 170, 0, 8;
    %store/vec4 v000002abc0cce340_0, 0, 8;
    %fork TD_uart_top_tb.send_and_check, S_000002abc0c683c0;
    %join;
    %pushi/vec4 187, 0, 8;
    %store/vec4 v000002abc0cce340_0, 0, 8;
    %fork TD_uart_top_tb.send_and_check, S_000002abc0c683c0;
    %join;
    %pushi/vec4 204, 0, 8;
    %store/vec4 v000002abc0cce340_0, 0, 8;
    %fork TD_uart_top_tb.send_and_check, S_000002abc0c683c0;
    %join;
    %pushi/vec4 20, 0, 32;
T_8.4 %dup/vec4;
    %pushi/vec4 0, 0, 32;
    %cmp/s;
    %jmp/1xz T_8.5, 5;
    %jmp/1 T_8.5, 4;
    %pushi/vec4 1, 0, 32;
    %sub;
    %wait E_000002abc0c740d0;
    %jmp T_8.4;
T_8.5 ;
    %pop/vec4 1;
    %vpi_call 2 69 "$display", "ALL DONE" {0 0 0};
    %vpi_call 2 70 "$finish" {0 0 0};
    %end;
    .thread T_8;
# The file index is used to find the file name in the following table.
:file_names 8;
    "N/A";
    "<interactive>";
    "tb/uart_top_tb.v";
    "src/uart_top.v";
    "src/baud_timer.v";
    "src/fifo.v";
    "src/uart_rx.v";
    "src/uart_tx.v";
