#! /c/Source/iverilog-install/bin/vvp
:ivl_version "12.0 (devel)" "(s20150603-1110-g18392a46)";
:ivl_delay_selection "TYPICAL";
:vpi_time_precision - 12;
:vpi_module "C:\iverilog\lib\ivl\system.vpi";
:vpi_module "C:\iverilog\lib\ivl\vhdl_sys.vpi";
:vpi_module "C:\iverilog\lib\ivl\vhdl_textio.vpi";
:vpi_module "C:\iverilog\lib\ivl\v2005_math.vpi";
:vpi_module "C:\iverilog\lib\ivl\va_math.vpi";
S_000001be0f09bdf0 .scope module, "uart_tx_tb" "uart_tx_tb" 2 3;
 .timescale -9 -12;
v000001be0ef53e50_0 .net "baud_tick", 0 0, v000001be0ef4b8b0_0;  1 drivers
v000001be0ef53b30_0 .var "clk", 0 0;
v000001be0ef53590_0 .var "fifo_data", 7 0;
v000001be0ef54210_0 .var "fifo_empty", 0 0;
v000001be0ef533b0_0 .net "fifo_rd_en", 0 0, v000001be0ef22740_0;  1 drivers
v000001be0ef53810_0 .var "received_byte", 7 0;
v000001be0ef53630_0 .var "rst", 0 0;
v000001be0ef542b0_0 .net "tx", 0 0, v000001be0ef538b0_0;  1 drivers
E_000001be0ef4a570 .event posedge, v000001be0ef22740_0;
S_000001be0ef49320 .scope module, "baud_inst" "baud_timer" 2 20, 3 1 0, S_000001be0f09bdf0;
 .timescale -9 -12;
    .port_info 0 /INPUT 1 "clk";
    .port_info 1 /INPUT 1 "rst";
    .port_info 2 /OUTPUT 1 "baud_tick";
P_000001be0ef4a930 .param/l "CLKS_PER_BAUD" 0 3 2, +C4<00000000000000000000000000001010>;
v000001be0ef4b8b0_0 .var "baud_tick", 0 0;
v000001be0ef68390_0 .net "clk", 0 0, v000001be0ef53b30_0;  1 drivers
v000001be0ef60730_0 .var "counter", 12 0;
v000001be0f099560_0 .net "rst", 0 0, v000001be0ef53630_0;  1 drivers
E_000001be0ef4b2b0 .event posedge, v000001be0ef68390_0;
S_000001be0ef4d110 .scope task, "decode_uart_byte" "decode_uart_byte" 2 47, 2 47 0, S_000001be0f09bdf0;
 .timescale -9 -12;
v000001be0f099600_0 .var/i "i", 31 0;
v000001be0f0996a0_0 .var "received", 7 0;
E_000001be0ef4abb0 .event negedge, v000001be0ef538b0_0;
TD_uart_tx_tb.decode_uart_byte ;
    %wait E_000001be0ef4abb0;
    %pushi/vec4 5, 0, 32;
T_0.0 %dup/vec4;
    %pushi/vec4 0, 0, 32;
    %cmp/s;
    %jmp/1xz T_0.1, 5;
    %jmp/1 T_0.1, 4;
    %pushi/vec4 1, 0, 32;
    %sub;
    %wait E_000001be0ef4b2b0;
    %jmp T_0.0;
T_0.1 ;
    %pop/vec4 1;
    %load/vec4 v000001be0ef542b0_0;
    %pad/u 32;
    %cmpi/ne 0, 0, 32;
    %jmp/0xz  T_0.2, 6;
    %vpi_call 2 60 "$error", "START BIT ERROR -- tx went high too early" {0 0 0};
T_0.2 ;
    %pushi/vec4 0, 0, 32;
    %store/vec4 v000001be0f099600_0, 0, 32;
T_0.4 ;
    %load/vec4 v000001be0f099600_0;
    %cmpi/s 8, 0, 32;
    %jmp/0xz T_0.5, 5;
    %pushi/vec4 10, 0, 32;
T_0.6 %dup/vec4;
    %pushi/vec4 0, 0, 32;
    %cmp/s;
    %jmp/1xz T_0.7, 5;
    %jmp/1 T_0.7, 4;
    %pushi/vec4 1, 0, 32;
    %sub;
    %wait E_000001be0ef4b2b0;
    %jmp T_0.6;
T_0.7 ;
    %pop/vec4 1;
    %load/vec4 v000001be0ef542b0_0;
    %ix/getv/s 4, v000001be0f099600_0;
    %store/vec4 v000001be0f0996a0_0, 4, 1;
    %load/vec4 v000001be0f099600_0;
    %addi 1, 0, 32;
    %store/vec4 v000001be0f099600_0, 0, 32;
    %jmp T_0.4;
T_0.5 ;
    %pushi/vec4 10, 0, 32;
T_0.8 %dup/vec4;
    %pushi/vec4 0, 0, 32;
    %cmp/s;
    %jmp/1xz T_0.9, 5;
    %jmp/1 T_0.9, 4;
    %pushi/vec4 1, 0, 32;
    %sub;
    %wait E_000001be0ef4b2b0;
    %jmp T_0.8;
T_0.9 ;
    %pop/vec4 1;
    %load/vec4 v000001be0ef542b0_0;
    %pad/u 32;
    %cmpi/ne 1, 0, 32;
    %jmp/0xz  T_0.10, 6;
    %vpi_call 2 71 "$error", "STOP BIT ERROR -- tx should be HIGH" {0 0 0};
T_0.10 ;
    %end;
S_000001be0f09b1e0 .scope module, "dut" "uart_tx" 2 26, 4 1 0, S_000001be0f09bdf0;
 .timescale -9 -12;
    .port_info 0 /INPUT 1 "clk";
    .port_info 1 /INPUT 1 "rst";
    .port_info 2 /INPUT 1 "baud_tick";
    .port_info 3 /INPUT 8 "fifo_data";
    .port_info 4 /INPUT 1 "fifo_empty";
    .port_info 5 /OUTPUT 1 "fifo_rd_en";
    .port_info 6 /OUTPUT 1 "tx";
P_000001be0f09b370 .param/l "DATA" 1 4 13, C4<10>;
P_000001be0f09b3a8 .param/l "IDLE" 1 4 11, C4<00>;
P_000001be0f09b3e0 .param/l "START" 1 4 12, C4<01>;
P_000001be0f09b418 .param/l "STOP" 1 4 14, C4<11>;
v000001be0f0997e0_0 .net "baud_tick", 0 0, v000001be0ef4b8b0_0;  alias, 1 drivers
v000001be0f099880_0 .var "bit_count", 2 0;
v000001be0f099920_0 .net "clk", 0 0, v000001be0ef53b30_0;  alias, 1 drivers
v000001be0f0999c0_0 .net "fifo_data", 7 0, v000001be0ef53590_0;  1 drivers
v000001be0f099a60_0 .net "fifo_empty", 0 0, v000001be0ef54210_0;  1 drivers
v000001be0ef22740_0 .var "fifo_rd_en", 0 0;
v000001be0ef227e0_0 .net "rst", 0 0, v000001be0ef53630_0;  alias, 1 drivers
v000001be0ef22880_0 .var "shift_reg", 7 0;
v000001be0ef53a90_0 .var "state", 1 0;
v000001be0ef538b0_0 .var "tx", 0 0;
    .scope S_000001be0ef49320;
T_1 ;
    %wait E_000001be0ef4b2b0;
    %load/vec4 v000001be0f099560_0;
    %flag_set/vec4 8;
    %jmp/0xz  T_1.0, 8;
    %pushi/vec4 0, 0, 13;
    %assign/vec4 v000001be0ef60730_0, 0;
    %pushi/vec4 0, 0, 1;
    %assign/vec4 v000001be0ef4b8b0_0, 0;
    %jmp T_1.1;
T_1.0 ;
    %load/vec4 v000001be0ef60730_0;
    %pad/u 32;
    %cmpi/e 9, 0, 32;
    %jmp/0xz  T_1.2, 4;
    %pushi/vec4 0, 0, 13;
    %assign/vec4 v000001be0ef60730_0, 0;
    %pushi/vec4 1, 0, 1;
    %assign/vec4 v000001be0ef4b8b0_0, 0;
    %jmp T_1.3;
T_1.2 ;
    %load/vec4 v000001be0ef60730_0;
    %addi 1, 0, 13;
    %assign/vec4 v000001be0ef60730_0, 0;
    %pushi/vec4 0, 0, 1;
    %assign/vec4 v000001be0ef4b8b0_0, 0;
T_1.3 ;
T_1.1 ;
    %jmp T_1;
    .thread T_1;
    .scope S_000001be0f09b1e0;
T_2 ;
    %wait E_000001be0ef4b2b0;
    %load/vec4 v000001be0ef227e0_0;
    %flag_set/vec4 8;
    %jmp/0xz  T_2.0, 8;
    %pushi/vec4 0, 0, 2;
    %assign/vec4 v000001be0ef53a90_0, 0;
    %pushi/vec4 1, 0, 1;
    %assign/vec4 v000001be0ef538b0_0, 0;
    %pushi/vec4 0, 0, 1;
    %assign/vec4 v000001be0ef22740_0, 0;
    %pushi/vec4 0, 0, 3;
    %assign/vec4 v000001be0f099880_0, 0;
    %pushi/vec4 0, 0, 8;
    %assign/vec4 v000001be0ef22880_0, 0;
    %jmp T_2.1;
T_2.0 ;
    %pushi/vec4 0, 0, 1;
    %assign/vec4 v000001be0ef22740_0, 0;
    %load/vec4 v000001be0ef53a90_0;
    %dup/vec4;
    %pushi/vec4 0, 0, 2;
    %cmp/u;
    %jmp/1 T_2.2, 6;
    %dup/vec4;
    %pushi/vec4 1, 0, 2;
    %cmp/u;
    %jmp/1 T_2.3, 6;
    %dup/vec4;
    %pushi/vec4 2, 0, 2;
    %cmp/u;
    %jmp/1 T_2.4, 6;
    %dup/vec4;
    %pushi/vec4 3, 0, 2;
    %cmp/u;
    %jmp/1 T_2.5, 6;
    %jmp T_2.6;
T_2.2 ;
    %pushi/vec4 1, 0, 1;
    %assign/vec4 v000001be0ef538b0_0, 0;
    %load/vec4 v000001be0f099a60_0;
    %nor/r;
    %flag_set/vec4 8;
    %jmp/0xz  T_2.7, 8;
    %load/vec4 v000001be0f0999c0_0;
    %assign/vec4 v000001be0ef22880_0, 0;
    %pushi/vec4 1, 0, 1;
    %assign/vec4 v000001be0ef22740_0, 0;
    %pushi/vec4 1, 0, 2;
    %assign/vec4 v000001be0ef53a90_0, 0;
T_2.7 ;
    %jmp T_2.6;
T_2.3 ;
    %load/vec4 v000001be0f0997e0_0;
    %flag_set/vec4 8;
    %jmp/0xz  T_2.9, 8;
    %pushi/vec4 0, 0, 1;
    %assign/vec4 v000001be0ef538b0_0, 0;
    %pushi/vec4 0, 0, 3;
    %assign/vec4 v000001be0f099880_0, 0;
    %pushi/vec4 2, 0, 2;
    %assign/vec4 v000001be0ef53a90_0, 0;
T_2.9 ;
    %jmp T_2.6;
T_2.4 ;
    %load/vec4 v000001be0f0997e0_0;
    %flag_set/vec4 8;
    %jmp/0xz  T_2.11, 8;
    %load/vec4 v000001be0ef22880_0;
    %parti/s 1, 0, 2;
    %assign/vec4 v000001be0ef538b0_0, 0;
    %load/vec4 v000001be0ef22880_0;
    %ix/load 4, 1, 0;
    %flag_set/imm 4, 0;
    %shiftr 4;
    %assign/vec4 v000001be0ef22880_0, 0;
    %load/vec4 v000001be0f099880_0;
    %pad/u 32;
    %cmpi/e 7, 0, 32;
    %jmp/0xz  T_2.13, 4;
    %pushi/vec4 3, 0, 2;
    %assign/vec4 v000001be0ef53a90_0, 0;
    %jmp T_2.14;
T_2.13 ;
    %load/vec4 v000001be0f099880_0;
    %addi 1, 0, 3;
    %assign/vec4 v000001be0f099880_0, 0;
T_2.14 ;
T_2.11 ;
    %jmp T_2.6;
T_2.5 ;
    %load/vec4 v000001be0f0997e0_0;
    %flag_set/vec4 8;
    %jmp/0xz  T_2.15, 8;
    %pushi/vec4 1, 0, 1;
    %assign/vec4 v000001be0ef538b0_0, 0;
    %pushi/vec4 0, 0, 2;
    %assign/vec4 v000001be0ef53a90_0, 0;
T_2.15 ;
    %jmp T_2.6;
T_2.6 ;
    %pop/vec4 1;
T_2.1 ;
    %jmp T_2;
    .thread T_2;
    .scope S_000001be0f09bdf0;
T_3 ;
    %delay 10000, 0;
    %load/vec4 v000001be0ef53b30_0;
    %inv;
    %store/vec4 v000001be0ef53b30_0, 0, 1;
    %jmp T_3;
    .thread T_3;
    .scope S_000001be0f09bdf0;
T_4 ;
    %vpi_call 2 82 "$dumpfile", "uart_tx.vcd" {0 0 0};
    %vpi_call 2 83 "$dumpvars", 32'sb00000000000000000000000000000000, S_000001be0f09bdf0 {0 0 0};
    %pushi/vec4 0, 0, 1;
    %store/vec4 v000001be0ef53b30_0, 0, 1;
    %pushi/vec4 1, 0, 1;
    %store/vec4 v000001be0ef53630_0, 0, 1;
    %pushi/vec4 1, 0, 1;
    %store/vec4 v000001be0ef54210_0, 0, 1;
    %pushi/vec4 0, 0, 8;
    %store/vec4 v000001be0ef53590_0, 0, 8;
    %pushi/vec4 5, 0, 32;
T_4.0 %dup/vec4;
    %pushi/vec4 0, 0, 32;
    %cmp/s;
    %jmp/1xz T_4.1, 5;
    %jmp/1 T_4.1, 4;
    %pushi/vec4 1, 0, 32;
    %sub;
    %wait E_000001be0ef4b2b0;
    %jmp T_4.0;
T_4.1 ;
    %pop/vec4 1;
    %pushi/vec4 0, 0, 1;
    %store/vec4 v000001be0ef53630_0, 0, 1;
    %pushi/vec4 5, 0, 32;
T_4.2 %dup/vec4;
    %pushi/vec4 0, 0, 32;
    %cmp/s;
    %jmp/1xz T_4.3, 5;
    %jmp/1 T_4.3, 4;
    %pushi/vec4 1, 0, 32;
    %sub;
    %wait E_000001be0ef4b2b0;
    %jmp T_4.2;
T_4.3 ;
    %pop/vec4 1;
    %vpi_call 2 100 "$display", "TEST 1: sending 0x55" {0 0 0};
    %pushi/vec4 85, 0, 8;
    %store/vec4 v000001be0ef53590_0, 0, 8;
    %pushi/vec4 0, 0, 1;
    %store/vec4 v000001be0ef54210_0, 0, 1;
    %wait E_000001be0ef4a570;
    %pushi/vec4 1, 0, 1;
    %store/vec4 v000001be0ef54210_0, 0, 1;
    %fork TD_uart_tx_tb.decode_uart_byte, S_000001be0ef4d110;
    %join;
    %load/vec4 v000001be0f0996a0_0;
    %store/vec4 v000001be0ef53810_0, 0, 8;
    %load/vec4 v000001be0ef53810_0;
    %cmpi/e 85, 0, 8;
    %jmp/0xz  T_4.4, 4;
    %vpi_call 2 112 "$display", "PASS -- got 0x%h", v000001be0ef53810_0 {0 0 0};
    %jmp T_4.5;
T_4.4 ;
    %vpi_call 2 114 "$error", "FAIL -- expected 0x55 got 0x%h", v000001be0ef53810_0 {0 0 0};
T_4.5 ;
    %pushi/vec4 20, 0, 32;
T_4.6 %dup/vec4;
    %pushi/vec4 0, 0, 32;
    %cmp/s;
    %jmp/1xz T_4.7, 5;
    %jmp/1 T_4.7, 4;
    %pushi/vec4 1, 0, 32;
    %sub;
    %wait E_000001be0ef4b2b0;
    %jmp T_4.6;
T_4.7 ;
    %pop/vec4 1;
    %vpi_call 2 122 "$display", "TEST 2: sending H (0x48)" {0 0 0};
    %pushi/vec4 72, 0, 8;
    %store/vec4 v000001be0ef53590_0, 0, 8;
    %pushi/vec4 0, 0, 1;
    %store/vec4 v000001be0ef54210_0, 0, 1;
    %wait E_000001be0ef4a570;
    %pushi/vec4 1, 0, 1;
    %store/vec4 v000001be0ef54210_0, 0, 1;
    %fork TD_uart_tx_tb.decode_uart_byte, S_000001be0ef4d110;
    %join;
    %load/vec4 v000001be0f0996a0_0;
    %store/vec4 v000001be0ef53810_0, 0, 8;
    %load/vec4 v000001be0ef53810_0;
    %cmpi/e 72, 0, 8;
    %jmp/0xz  T_4.8, 4;
    %vpi_call 2 131 "$display", "PASS -- got 0x%h", v000001be0ef53810_0 {0 0 0};
    %jmp T_4.9;
T_4.8 ;
    %vpi_call 2 133 "$error", "FAIL -- expected 0x48 got 0x%h", v000001be0ef53810_0 {0 0 0};
T_4.9 ;
    %pushi/vec4 20, 0, 32;
T_4.10 %dup/vec4;
    %pushi/vec4 0, 0, 32;
    %cmp/s;
    %jmp/1xz T_4.11, 5;
    %jmp/1 T_4.11, 4;
    %pushi/vec4 1, 0, 32;
    %sub;
    %wait E_000001be0ef4b2b0;
    %jmp T_4.10;
T_4.11 ;
    %pop/vec4 1;
    %vpi_call 2 140 "$display", "TEST 3: sending 0xFF" {0 0 0};
    %pushi/vec4 255, 0, 8;
    %store/vec4 v000001be0ef53590_0, 0, 8;
    %pushi/vec4 0, 0, 1;
    %store/vec4 v000001be0ef54210_0, 0, 1;
    %wait E_000001be0ef4a570;
    %pushi/vec4 1, 0, 1;
    %store/vec4 v000001be0ef54210_0, 0, 1;
    %fork TD_uart_tx_tb.decode_uart_byte, S_000001be0ef4d110;
    %join;
    %load/vec4 v000001be0f0996a0_0;
    %store/vec4 v000001be0ef53810_0, 0, 8;
    %load/vec4 v000001be0ef53810_0;
    %cmpi/e 255, 0, 8;
    %jmp/0xz  T_4.12, 4;
    %vpi_call 2 149 "$display", "PASS -- got 0x%h", v000001be0ef53810_0 {0 0 0};
    %jmp T_4.13;
T_4.12 ;
    %vpi_call 2 151 "$error", "FAIL -- expected 0xFF got 0x%h", v000001be0ef53810_0 {0 0 0};
T_4.13 ;
    %pushi/vec4 20, 0, 32;
T_4.14 %dup/vec4;
    %pushi/vec4 0, 0, 32;
    %cmp/s;
    %jmp/1xz T_4.15, 5;
    %jmp/1 T_4.15, 4;
    %pushi/vec4 1, 0, 32;
    %sub;
    %wait E_000001be0ef4b2b0;
    %jmp T_4.14;
T_4.15 ;
    %pop/vec4 1;
    %vpi_call 2 158 "$display", "TEST 4: sending 0x00" {0 0 0};
    %pushi/vec4 0, 0, 8;
    %store/vec4 v000001be0ef53590_0, 0, 8;
    %pushi/vec4 0, 0, 1;
    %store/vec4 v000001be0ef54210_0, 0, 1;
    %wait E_000001be0ef4a570;
    %pushi/vec4 1, 0, 1;
    %store/vec4 v000001be0ef54210_0, 0, 1;
    %fork TD_uart_tx_tb.decode_uart_byte, S_000001be0ef4d110;
    %join;
    %load/vec4 v000001be0f0996a0_0;
    %store/vec4 v000001be0ef53810_0, 0, 8;
    %load/vec4 v000001be0ef53810_0;
    %cmpi/e 0, 0, 8;
    %jmp/0xz  T_4.16, 4;
    %vpi_call 2 167 "$display", "PASS -- got 0x%h", v000001be0ef53810_0 {0 0 0};
    %jmp T_4.17;
T_4.16 ;
    %vpi_call 2 169 "$error", "FAIL -- expected 0x00 got 0x%h", v000001be0ef53810_0 {0 0 0};
T_4.17 ;
    %pushi/vec4 20, 0, 32;
T_4.18 %dup/vec4;
    %pushi/vec4 0, 0, 32;
    %cmp/s;
    %jmp/1xz T_4.19, 5;
    %jmp/1 T_4.19, 4;
    %pushi/vec4 1, 0, 32;
    %sub;
    %wait E_000001be0ef4b2b0;
    %jmp T_4.18;
T_4.19 ;
    %pop/vec4 1;
    %vpi_call 2 173 "$display", "ALL TESTS DONE" {0 0 0};
    %vpi_call 2 174 "$finish" {0 0 0};
    %end;
    .thread T_4;
# The file index is used to find the file name in the following table.
:file_names 5;
    "N/A";
    "<interactive>";
    "tb/uart_tx_tb.v";
    "src/baud_timer.v";
    "src/uart_tx.v";
